<?xml version="1.0" encoding="UTF-8"?>
<testsuite xmlns:xsi="http://www.w3.org/2001/XMLSchema-instance" xsi:noNamespaceSchemaLocation="https://maven.apache.org/surefire/maven-surefire-plugin/xsd/surefire-test-report.xsd" name="TestSuite" time="33.47" tests="125" errors="0" skipped="121" failures="2">
  <properties>
[...]
</properties>
  <testcase name="blogAPIAndroidDebug" classname="apps.rsa.BlogMenuPageTest" time="5.587"/>
  <testcase name="blogAPIGetStarted" classname="apps.rsa.BlogMenuPageTest" time="4.921"/>
  <testcase name="blogAPINativeApps" classname="apps.rsa.BlogMenuPageTest" time="4.384">
    <failure message="unknown error: unexpected command response&#10;  (Session info: chrome=103.0.5060.53)&#10;Build info: version: &apos;4.1.4&apos;, revision: &apos;535d840ee2&apos;&#10;System info: host: &apos;MSI&apos;, ip: &apos;192.168.2.14&apos;, os.name: &apos;Windows 10&apos;, os.arch: &apos;amd64&apos;, os.version: &apos;10.0&apos;, java.version: &apos;11.0.13&apos;&#10;Driver info: org.openqa.selenium.chrome.ChromeDriver&#10;Command: [03ef1f25c08c43311ff430c1c2e6dbe5, clickElement {id=f03d25a4-5684-44e3-acb2-8b8a38309ee3}]&#10;Capabilities {acceptInsecureCerts: false, browserName: chrome, browserVersion: 103.0.5060.53, chrome: {chromedriverVersion: 102.0.5005.61 (0e59bcc00cc4..., userDataDir: C:\Users\Tauhid\AppData\Loc...}, goog:chromeOptions: {debuggerAddress: localhost:53890}, javascriptEnabled: true, networkConnectionEnabled: false, pageLoadStrategy: normal, platform: WINDOWS, platformName: WINDOWS, proxy: Proxy(), se:cdp: ws://localhost:53890/devtoo..., se:cdpVersion: 103.0.5060.53, setWindowRect: true, strictFileInteractability: false, timeouts: {implicit: 0, pageLoad: 300000, script: 30000}, unhandledPromptBehavior: dismiss and notify, webauthn:extension:credBlob: true, webauthn:extension:largeBlob: true, webauthn:virtualAuthenticators: true}&#10;Element: [[ChromeDriver: chrome on WINDOWS (03ef1f25c08c43311ff430c1c2e6dbe5)] -&gt; xpath: //*[@id=&quot;menu-item-1162&quot;]/a]&#10;Session ID: 03ef1f25c08c43311ff430c1c2e6dbe5" type="org.openqa.selenium.WebDriverException">org.openqa.selenium.WebDriverException: 
unknown error: unexpected command response
  (Session info: chrome=103.0.5060.53)
Build info: version: '4.1.4', revision: '535d840ee2'
System info: host: 'MSI', ip: '192.168.2.14', os.name: 'Windows 10', os.arch: 'amd64', os.version: '10.0', java.version: '11.0.13'
Driver info: org.openqa.selenium.chrome.ChromeDriver
Command: [03ef1f25c08c43311ff430c1c2e6dbe5, clickElement {id=f03d25a4-5684-44e3-acb2-8b8a38309ee3}]
Capabilities {acceptInsecureCerts: false, browserName: chrome, browserVersion: 103.0.5060.53, chrome: {chromedriverVersion: 102.0.5005.61 (0e59bcc00cc4..., userDataDir: C:\Users\Tauhid\AppData\Loc...}, goog:chromeOptions: {debuggerAddress: localhost:53890}, javascriptEnabled: true, networkConnectionEnabled: false, pageLoadStrategy: normal, platform: WINDOWS, platformName: WINDOWS, proxy: Proxy(), se:cdp: ws://localhost:53890/devtoo..., se:cdpVersion: 103.0.5060.53, setWindowRect: true, strictFileInteractability: false, timeouts: {implicit: 0, pageLoad: 300000, script: 30000}, unhandledPromptBehavior: dismiss and notify, webauthn:extension:credBlob: true, webauthn:extension:largeBlob: true, webauthn:virtualAuthenticators: true}
Element: [[ChromeDriver: chrome on WINDOWS (03ef1f25c08c43311ff430c1c2e6dbe5)] -> xpath: //*[@id="menu-item-1162"]/a]
Session ID: 03ef1f25c08c43311ff430c1c2e6dbe5
	at apps.rsa.BlogMenuPageTest.blogAPINativeApps(BlogMenuPageTest.java:60)
</failure>
    <system-out><![CDATA[23:50:47.476 [main] INFO  base.CommonAPI - Test Status: PASS

23:50:56.564 [main] INFO  pages.rsa.Homepage - Clicked Blog Button Successfully
]]></system-out>
    <system-err><![CDATA[Starting ChromeDriver 102.0.5005.61 (0e59bcc00cc4985ce39ad31c150065f159d95ad3-refs/branch-heads/5005@{#819}) on port 55044
Only local connections are allowed.
Please see https://chromedriver.chromium.org/security-considerations for suggestions on keeping ChromeDriver safe.
ChromeDriver was started successfully.
[1656129048.521][WARNING]: This version of ChromeDriver has not been tested with Chrome version 103.
Jun 24, 2022 11:50:48 PM org.openqa.selenium.remote.ProtocolHandshake createSession
INFO: Detected dialect: W3C
Jun 24, 2022 11:50:48 PM org.openqa.selenium.devtools.CdpVersionFinder findNearestMatch
WARNING: Unable to find an exact match for CDP version 103, so returning the closest version found: 101
Jun 24, 2022 11:50:48 PM org.openqa.selenium.devtools.CdpVersionFinder findNearestMatch
INFO: Found CDP implementation for version 103 of 101
]]></system-err>
  </testcase>
  <testcase name="afterEachTestMethod" classname="apps.rsa.BlogMenuPageTest" time="4.409">
    <failure message="unknown error: unexpected command response&#10;  (Session info: chrome=103.0.5060.53)&#10;Build info: version: &apos;4.1.4&apos;, revision: &apos;535d840ee2&apos;&#10;System info: host: &apos;MSI&apos;, ip: &apos;192.168.2.14&apos;, os.name: &apos;Windows 10&apos;, os.arch: &apos;amd64&apos;, os.version: &apos;10.0&apos;, java.version: &apos;11.0.13&apos;&#10;Driver info: org.openqa.selenium.chrome.ChromeDriver&#10;Command: [03ef1f25c08c43311ff430c1c2e6dbe5, screenshot {}]&#10;Capabilities {acceptInsecureCerts: false, browserName: chrome, browserVersion: 103.0.5060.53, chrome: {chromedriverVersion: 102.0.5005.61 (0e59bcc00cc4..., userDataDir: C:\Users\Tauhid\AppData\Loc...}, goog:chromeOptions: {debuggerAddress: localhost:53890}, javascriptEnabled: true, networkConnectionEnabled: false, pageLoadStrategy: normal, platform: WINDOWS, platformName: WINDOWS, proxy: Proxy(), se:cdp: ws://localhost:53890/devtoo..., se:cdpVersion: 103.0.5060.53, setWindowRect: true, strictFileInteractability: false, timeouts: {implicit: 0, pageLoad: 300000, script: 30000}, unhandledPromptBehavior: dismiss and notify, webauthn:extension:credBlob: true, webauthn:extension:largeBlob: true, webauthn:virtualAuthenticators: true}&#10;Session ID: 03ef1f25c08c43311ff430c1c2e6dbe5" type="org.openqa.selenium.WebDriverException">org.openqa.selenium.WebDriverException: 
unknown error: unexpected command response
  (Session info: chrome=103.0.5060.53)
Build info: version: '4.1.4', revision: '535d840ee2'
System info: host: 'MSI', ip: '192.168.2.14', os.name: 'Windows 10', os.arch: 'amd64', os.version: '10.0', java.version: '11.0.13'
Driver info: org.openqa.selenium.chrome.ChromeDriver
Command: [03ef1f25c08c43311ff430c1c2e6dbe5, screenshot {}]
Capabilities {acceptInsecureCerts: false, browserName: chrome, browserVersion: 103.0.5060.53, chrome: {chromedriverVersion: 102.0.5005.61 (0e59bcc00cc4..., userDataDir: C:\Users\Tauhid\AppData\Loc...}, goog:chromeOptions: {debuggerAddress: localhost:53890}, javascriptEnabled: true, networkConnectionEnabled: false, pageLoadStrategy: normal, platform: WINDOWS, platformName: WINDOWS, proxy: Proxy(), se:cdp: ws://localhost:53890/devtoo..., se:cdpVersion: 103.0.5060.53, setWindowRect: true, strictFileInteractability: false, timeouts: {implicit: 0, pageLoad: 300000, script: 30000}, unhandledPromptBehavior: dismiss and notify, webauthn:extension:credBlob: true, webauthn:extension:largeBlob: true, webauthn:virtualAuthenticators: true}
Session ID: 03ef1f25c08c43311ff430c1c2e6dbe5
</failure>
  </testcase>
  <testcase name="afterEachTestMethod" classname="apps.rsa.BlogMenuPageTest" time="0">
    <skipped/>
  </testcase>
  <testcase name="afterEachTestMethod" classname="apps.rsa.BlogMenuPageTest" time="0">
    <skipped/>
  </testcase>
  <testcase name="afterEachTestMethod" classname="apps.rsa.BlogMenuPageTest" time="0">
    <skipped/>
  </testcase>
  <testcase name="afterEachTestMethod" classname="apps.rsa.BlogMenuPageTest" time="0">
    <skipped/>
  </testcase>
  <testcase name="afterEachTestMethod" classname="apps.rsa.BlogMenuPageTest" time="0">
    <skipped/>
  </testcase>
  <testcase name="afterEachTestMethod" classname="apps.rsa.BlogMenuPageTest" time="0">
    <skipped/>
  </testcase>
  <testcase name="afterEachTestMethod" classname="apps.rsa.BlogMenuPageTest" time="0">
    <skipped/>
  </testcase>
  <testcase name="afterEachTestMethod" classname="apps.rsa.BlogMenuPageTest" time="0">
    <skipped/>
  </testcase>
  <testcase name="afterEachTestMethod" classname="apps.rsa.BlogMenuPageTest" time="0">
    <skipped/>
  </testcase>
  <testcase name="afterEachTestMethod" classname="apps.rsa.BlogMenuPageTest" time="0">
    <skipped/>
  </testcase>
  <testcase name="afterEachTestMethod" classname="apps.rsa.BlogMenuPageTest" time="0">
    <skipped/>
  </testcase>
  <testcase name="afterEachTestMethod" classname="apps.rsa.BlogMenuPageTest" time="0">
    <skipped/>
  </testcase>
  <testcase name="afterEachTestMethod" classname="apps.rsa.BlogMenuPageTest" time="0">
    <skipped/>
  </testcase>
  <testcase name="afterEachTestMethod" classname="apps.rsa.BlogMenuPageTest" time="0">
    <skipped/>
  </testcase>
  <testcase name="afterEachTestMethod" classname="apps.rsa.BlogMenuPageTest" time="0">
    <skipped/>
  </testcase>
  <testcase name="afterEachTestMethod" classname="apps.rsa.BlogMenuPageTest" time="0">
    <skipped/>
  </testcase>
  <testcase name="afterEachTestMethod" classname="apps.rsa.BlogMenuPageTest" time="0">
    <skipped/>
  </testcase>
  <testcase name="afterEachTestMethod" classname="apps.rsa.BlogMenuPageTest" time="0">
    <skipped/>
  </testcase>
  <testcase name="afterEachTestMethod" classname="apps.rsa.BlogMenuPageTest" time="0">
    <skipped/>
  </testcase>
  <testcase name="afterEachTestMethod" classname="apps.rsa.BlogMenuPageTest" time="0">
    <skipped/>
  </testcase>
  <testcase name="afterEachTestMethod" classname="apps.rsa.BlogMenuPageTest" time="0">
    <skipped/>
  </testcase>
  <testcase name="afterEachTestMethod" classname="apps.rsa.BlogMenuPageTest" time="0">
    <skipped/>
  </testcase>
  <testcase name="afterEachTestMethod" classname="apps.rsa.BlogMenuPageTest" time="0">
    <skipped/>
  </testcase>
  <testcase name="afterEachTestMethod" classname="apps.rsa.BlogMenuPageTest" time="0">
    <skipped/>
  </testcase>
  <testcase name="endLOG" classname="apps.rsa.BlogMenuPageTest" time="0">
    <skipped/>
  </testcase>
  <testcase name="endLOG" classname="apps.rsa.BlogMenuPageTest" time="0">
    <skipped/>
  </testcase>
  <testcase name="endLOG" classname="apps.rsa.BlogMenuPageTest" time="0">
    <skipped/>
  </testcase>
  <testcase name="endLOG" classname="apps.rsa.BlogMenuPageTest" time="0">
    <skipped/>
  </testcase>
  <testcase name="endLOG" classname="apps.rsa.BlogMenuPageTest" time="0">
    <skipped/>
  </testcase>
  <testcase name="endLOG" classname="apps.rsa.BlogMenuPageTest" time="0">
    <skipped/>
  </testcase>
  <testcase name="endLOG" classname="apps.rsa.BlogMenuPageTest" time="0">
    <skipped/>
  </testcase>
  <testcase name="endLOG" classname="apps.rsa.BlogMenuPageTest" time="0">
    <skipped/>
  </testcase>
  <testcase name="endLOG" classname="apps.rsa.BlogMenuPageTest" time="0">
    <skipped/>
  </testcase>
  <testcase name="endLOG" classname="apps.rsa.BlogMenuPageTest" time="0">
    <skipped/>
  </testcase>
  <testcase name="endLOG" classname="apps.rsa.BlogMenuPageTest" time="0">
    <skipped/>
  </testcase>
  <testcase name="endLOG" classname="apps.rsa.BlogMenuPageTest" time="0">
    <skipped/>
  </testcase>
  <testcase name="endLOG" classname="apps.rsa.BlogMenuPageTest" time="0">
    <skipped/>
  </testcase>
  <testcase name="endLOG" classname="apps.rsa.BlogMenuPageTest" time="0">
    <skipped/>
  </testcase>
  <testcase name="endLOG" classname="apps.rsa.BlogMenuPageTest" time="0">
    <skipped/>
  </testcase>
  <testcase name="endLOG" classname="apps.rsa.BlogMenuPageTest" time="0">
    <skipped/>
  </testcase>
  <testcase name="endLOG" classname="apps.rsa.BlogMenuPageTest" time="0">
    <skipped/>
  </testcase>
  <testcase name="endLOG" classname="apps.rsa.BlogMenuPageTest" time="0">
    <skipped/>
  </testcase>
  <testcase name="endLOG" classname="apps.rsa.BlogMenuPageTest" time="0">
    <skipped/>
  </testcase>
  <testcase name="endLOG" classname="apps.rsa.BlogMenuPageTest" time="0">
    <skipped/>
  </testcase>
  <testcase name="endLOG" classname="apps.rsa.BlogMenuPageTest" time="0">
    <skipped/>
  </testcase>
  <testcase name="endLOG" classname="apps.rsa.BlogMenuPageTest" time="0">
    <skipped/>
  </testcase>
  <testcase name="endLOG" classname="apps.rsa.BlogMenuPageTest" time="0">
    <skipped/>
  </testcase>
  <testcase name="endLOG" classname="apps.rsa.BlogMenuPageTest" time="0">
    <skipped/>
  </testcase>
  <testcase name="endLOG" classname="apps.rsa.BlogMenuPageTest" time="0">
    <skipped/>
  </testcase>
  <testcase name="setUp" classname="apps.rsa.BlogMenuPageTest" time="0">
    <skipped/>
  </testcase>
  <testcase name="setUp" classname="apps.rsa.BlogMenuPageTest" time="0">
    <skipped/>
  </testcase>
  <testcase name="setUp" classname="apps.rsa.BlogMenuPageTest" time="0">
    <skipped/>
  </testcase>
  <testcase name="setUp" classname="apps.rsa.BlogMenuPageTest" time="0">
    <skipped/>
  </testcase>
  <testcase name="setUp" classname="apps.rsa.BlogMenuPageTest" time="0">
    <skipped/>
  </testcase>
  <testcase name="setUp" classname="apps.rsa.BlogMenuPageTest" time="0">
    <skipped/>
  </testcase>
  <testcase name="setUp" classname="apps.rsa.BlogMenuPageTest" time="0">
    <skipped/>
  </testcase>
  <testcase name="setUp" classname="apps.rsa.BlogMenuPageTest" time="0">
    <skipped/>
  </testcase>
  <testcase name="setUp" classname="apps.rsa.BlogMenuPageTest" time="0">
    <skipped/>
  </testcase>
  <testcase name="setUp" classname="apps.rsa.BlogMenuPageTest" time="0">
    <skipped/>
  </testcase>
  <testcase name="setUp" classname="apps.rsa.BlogMenuPageTest" time="0">
    <skipped/>
  </testcase>
  <testcase name="setUp" classname="apps.rsa.BlogMenuPageTest" time="0">
    <skipped/>
  </testcase>
  <testcase name="setUp" classname="apps.rsa.BlogMenuPageTest" time="0">
    <skipped/>
  </testcase>
  <testcase name="setUp" classname="apps.rsa.BlogMenuPageTest" time="0">
    <skipped/>
  </testcase>
  <testcase name="setUp" classname="apps.rsa.BlogMenuPageTest" time="0">
    <skipped/>
  </testcase>
  <testcase name="setUp" classname="apps.rsa.BlogMenuPageTest" time="0">
    <skipped/>
  </testcase>
  <testcase name="setUp" classname="apps.rsa.BlogMenuPageTest" time="0">
    <skipped/>
  </testcase>
  <testcase name="setUp" classname="apps.rsa.BlogMenuPageTest" time="0">
    <skipped/>
  </testcase>
  <testcase name="setUp" classname="apps.rsa.BlogMenuPageTest" time="0">
    <skipped/>
  </testcase>
  <testcase name="setUp" classname="apps.rsa.BlogMenuPageTest" time="0">
    <skipped/>
  </testcase>
  <testcase name="setUp" classname="apps.rsa.BlogMenuPageTest" time="0">
    <skipped/>
  </testcase>
  <testcase name="setUp" classname="apps.rsa.BlogMenuPageTest" time="0">
    <skipped/>
  </testcase>
  <testcase name="setUp" classname="apps.rsa.BlogMenuPageTest" time="0">
    <skipped/>
  </testcase>
  <testcase name="setUp" classname="apps.rsa.BlogMenuPageTest" time="0">
    <skipped/>
  </testcase>
  <testcase name="startExtent" classname="apps.rsa.BlogMenuPageTest" time="0">
    <skipped/>
  </testcase>
  <testcase name="startExtent" classname="apps.rsa.BlogMenuPageTest" time="0">
    <skipped/>
  </testcase>
  <testcase name="startExtent" classname="apps.rsa.BlogMenuPageTest" time="0">
    <skipped/>
  </testcase>
  <testcase name="startExtent" classname="apps.rsa.BlogMenuPageTest" time="0">
    <skipped/>
  </testcase>
  <testcase name="startExtent" classname="apps.rsa.BlogMenuPageTest" time="0">
    <skipped/>
  </testcase>
  <testcase name="startExtent" classname="apps.rsa.BlogMenuPageTest" time="0">
    <skipped/>
  </testcase>
  <testcase name="startExtent" classname="apps.rsa.BlogMenuPageTest" time="0">
    <skipped/>
  </testcase>
  <testcase name="startExtent" classname="apps.rsa.BlogMenuPageTest" time="0">
    <skipped/>
  </testcase>
  <testcase name="startExtent" classname="apps.rsa.BlogMenuPageTest" time="0">
    <skipped/>
  </testcase>
  <testcase name="startExtent" classname="apps.rsa.BlogMenuPageTest" time="0">
    <skipped/>
  </testcase>
  <testcase name="startExtent" classname="apps.rsa.BlogMenuPageTest" time="0">
    <skipped/>
  </testcase>
  <testcase name="startExtent" classname="apps.rsa.BlogMenuPageTest" time="0">
    <skipped/>
  </testcase>
  <testcase name="startExtent" classname="apps.rsa.BlogMenuPageTest" time="0">
    <skipped/>
  </testcase>
  <testcase name="startExtent" classname="apps.rsa.BlogMenuPageTest" time="0">
    <skipped/>
  </testcase>
  <testcase name="startExtent" classname="apps.rsa.BlogMenuPageTest" time="0">
    <skipped/>
  </testcase>
  <testcase name="startExtent" classname="apps.rsa.BlogMenuPageTest" time="0">
    <skipped/>
  </testcase>
  <testcase name="startExtent" classname="apps.rsa.BlogMenuPageTest" time="0">
    <skipped/>
  </testcase>
  <testcase name="startExtent" classname="apps.rsa.BlogMenuPageTest" time="0">
    <skipped/>
  </testcase>
  <testcase name="startExtent" classname="apps.rsa.BlogMenuPageTest" time="0">
    <skipped/>
  </testcase>
  <testcase name="startExtent" classname="apps.rsa.BlogMenuPageTest" time="0">
    <skipped/>
  </testcase>
  <testcase name="startExtent" classname="apps.rsa.BlogMenuPageTest" time="0">
    <skipped/>
  </testcase>
  <testcase name="startExtent" classname="apps.rsa.BlogMenuPageTest" time="0">
    <skipped/>
  </testcase>
  <testcase name="startExtent" classname="apps.rsa.BlogMenuPageTest" time="0">
    <skipped/>
  </testcase>
  <testcase name="startExtent" classname="apps.rsa.BlogMenuPageTest" time="0">
    <skipped/>
  </testcase>
  <testcase name="blogAPISetupInstallation" classname="apps.rsa.BlogMenuPageTest" time="0">
    <skipped message="unknown error: unexpected command response&#10;  (Session info: chrome=103.0.5060.53)&#10;Build info: version: &apos;4.1.4&apos;, revision: &apos;535d840ee2&apos;&#10;System info: host: &apos;MSI&apos;, ip: &apos;192.168.2.14&apos;, os.name: &apos;Windows 10&apos;, os.arch: &apos;amd64&apos;, os.version: &apos;10.0&apos;, java.version: &apos;11.0.13&apos;&#10;Driver info: org.openqa.selenium.chrome.ChromeDriver&#10;Command: [03ef1f25c08c43311ff430c1c2e6dbe5, screenshot {}]&#10;Capabilities {acceptInsecureCerts: false, browserName: chrome, browserVersion: 103.0.5060.53, chrome: {chromedriverVersion: 102.0.5005.61 (0e59bcc00cc4..., userDataDir: C:\Users\Tauhid\AppData\Loc...}, goog:chromeOptions: {debuggerAddress: localhost:53890}, javascriptEnabled: true, networkConnectionEnabled: false, pageLoadStrategy: normal, platform: WINDOWS, platformName: WINDOWS, proxy: Proxy(), se:cdp: ws://localhost:53890/devtoo..., se:cdpVersion: 103.0.5060.53, setWindowRect: true, strictFileInteractability: false, timeouts: {implicit: 0, pageLoad: 300000, script: 30000}, unhandledPromptBehavior: dismiss and notify, webauthn:extension:credBlob: true, webauthn:extension:largeBlob: true, webauthn:virtualAuthenticators: true}&#10;Session ID: 03ef1f25c08c43311ff430c1c2e6dbe5"/>
  </testcase>
  <testcase name="blogAPIUIAutomator" classname="apps.rsa.BlogMenuPageTest" time="0">
    <skipped message="unknown error: unexpected command response&#10;  (Session info: chrome=103.0.5060.53)&#10;Build info: version: &apos;4.1.4&apos;, revision: &apos;535d840ee2&apos;&#10;System info: host: &apos;MSI&apos;, ip: &apos;192.168.2.14&apos;, os.name: &apos;Windows 10&apos;, os.arch: &apos;amd64&apos;, os.version: &apos;10.0&apos;, java.version: &apos;11.0.13&apos;&#10;Driver info: org.openqa.selenium.chrome.ChromeDriver&#10;Command: [03ef1f25c08c43311ff430c1c2e6dbe5, screenshot {}]&#10;Capabilities {acceptInsecureCerts: false, browserName: chrome, browserVersion: 103.0.5060.53, chrome: {chromedriverVersion: 102.0.5005.61 (0e59bcc00cc4..., userDataDir: C:\Users\Tauhid\AppData\Loc...}, goog:chromeOptions: {debuggerAddress: localhost:53890}, javascriptEnabled: true, networkConnectionEnabled: false, pageLoadStrategy: normal, platform: WINDOWS, platformName: WINDOWS, proxy: Proxy(), se:cdp: ws://localhost:53890/devtoo..., se:cdpVersion: 103.0.5060.53, setWindowRect: true, strictFileInteractability: false, timeouts: {implicit: 0, pageLoad: 300000, script: 30000}, unhandledPromptBehavior: dismiss and notify, webauthn:extension:credBlob: true, webauthn:extension:largeBlob: true, webauthn:virtualAuthenticators: true}&#10;Session ID: 03ef1f25c08c43311ff430c1c2e6dbe5"/>
  </testcase>
  <testcase name="blogJavaClassesObjects" classname="apps.rsa.BlogMenuPageTest" time="0">
    <skipped message="unknown error: unexpected command response&#10;  (Session info: chrome=103.0.5060.53)&#10;Build info: version: &apos;4.1.4&apos;, revision: &apos;535d840ee2&apos;&#10;System info: host: &apos;MSI&apos;, ip: &apos;192.168.2.14&apos;, os.name: &apos;Windows 10&apos;, os.arch: &apos;amd64&apos;, os.version: &apos;10.0&apos;, java.version: &apos;11.0.13&apos;&#10;Driver info: org.openqa.selenium.chrome.ChromeDriver&#10;Command: [03ef1f25c08c43311ff430c1c2e6dbe5, screenshot {}]&#10;Capabilities {acceptInsecureCerts: false, browserName: chrome, browserVersion: 103.0.5060.53, chrome: {chromedriverVersion: 102.0.5005.61 (0e59bcc00cc4..., userDataDir: C:\Users\Tauhid\AppData\Loc...}, goog:chromeOptions: {debuggerAddress: localhost:53890}, javascriptEnabled: true, networkConnectionEnabled: false, pageLoadStrategy: normal, platform: WINDOWS, platformName: WINDOWS, proxy: Proxy(), se:cdp: ws://localhost:53890/devtoo..., se:cdpVersion: 103.0.5060.53, setWindowRect: true, strictFileInteractability: false, timeouts: {implicit: 0, pageLoad: 300000, script: 30000}, unhandledPromptBehavior: dismiss and notify, webauthn:extension:credBlob: true, webauthn:extension:largeBlob: true, webauthn:virtualAuthenticators: true}&#10;Session ID: 03ef1f25c08c43311ff430c1c2e6dbe5"/>
  </testcase>
  <testcase name="blogJavaException" classname="apps.rsa.BlogMenuPageTest" time="0">
    <skipped message="unknown error: unexpected command response&#10;  (Session info: chrome=103.0.5060.53)&#10;Build info: version: &apos;4.1.4&apos;, revision: &apos;535d840ee2&apos;&#10;System info: host: &apos;MSI&apos;, ip: &apos;192.168.2.14&apos;, os.name: &apos;Windows 10&apos;, os.arch: &apos;amd64&apos;, os.version: &apos;10.0&apos;, java.version: &apos;11.0.13&apos;&#10;Driver info: org.openqa.selenium.chrome.ChromeDriver&#10;Command: [03ef1f25c08c43311ff430c1c2e6dbe5, screenshot {}]&#10;Capabilities {acceptInsecureCerts: false, browserName: chrome, browserVersion: 103.0.5060.53, chrome: {chromedriverVersion: 102.0.5005.61 (0e59bcc00cc4..., userDataDir: C:\Users\Tauhid\AppData\Loc...}, goog:chromeOptions: {debuggerAddress: localhost:53890}, javascriptEnabled: true, networkConnectionEnabled: false, pageLoadStrategy: normal, platform: WINDOWS, platformName: WINDOWS, proxy: Proxy(), se:cdp: ws://localhost:53890/devtoo..., se:cdpVersion: 103.0.5060.53, setWindowRect: true, strictFileInteractability: false, timeouts: {implicit: 0, pageLoad: 300000, script: 30000}, unhandledPromptBehavior: dismiss and notify, webauthn:extension:credBlob: true, webauthn:extension:largeBlob: true, webauthn:virtualAuthenticators: true}&#10;Session ID: 03ef1f25c08c43311ff430c1c2e6dbe5"/>
  </testcase>
  <testcase name="blogJavaFramework" classname="apps.rsa.BlogMenuPageTest" time="0">
    <skipped message="unknown error: unexpected command response&#10;  (Session info: chrome=103.0.5060.53)&#10;Build info: version: &apos;4.1.4&apos;, revision: &apos;535d840ee2&apos;&#10;System info: host: &apos;MSI&apos;, ip: &apos;192.168.2.14&apos;, os.name: &apos;Windows 10&apos;, os.arch: &apos;amd64&apos;, os.version: &apos;10.0&apos;, java.version: &apos;11.0.13&apos;&#10;Driver info: org.openqa.selenium.chrome.ChromeDriver&#10;Command: [03ef1f25c08c43311ff430c1c2e6dbe5, screenshot {}]&#10;Capabilities {acceptInsecureCerts: false, browserName: chrome, browserVersion: 103.0.5060.53, chrome: {chromedriverVersion: 102.0.5005.61 (0e59bcc00cc4..., userDataDir: C:\Users\Tauhid\AppData\Loc...}, goog:chromeOptions: {debuggerAddress: localhost:53890}, javascriptEnabled: true, networkConnectionEnabled: false, pageLoadStrategy: normal, platform: WINDOWS, platformName: WINDOWS, proxy: Proxy(), se:cdp: ws://localhost:53890/devtoo..., se:cdpVersion: 103.0.5060.53, setWindowRect: true, strictFileInteractability: false, timeouts: {implicit: 0, pageLoad: 300000, script: 30000}, unhandledPromptBehavior: dismiss and notify, webauthn:extension:credBlob: true, webauthn:extension:largeBlob: true, webauthn:virtualAuthenticators: true}&#10;Session ID: 03ef1f25c08c43311ff430c1c2e6dbe5"/>
  </testcase>
  <testcase name="blogJavaFund" classname="apps.rsa.BlogMenuPageTest" time="0">
    <skipped message="unknown error: unexpected command response&#10;  (Session info: chrome=103.0.5060.53)&#10;Build info: version: &apos;4.1.4&apos;, revision: &apos;535d840ee2&apos;&#10;System info: host: &apos;MSI&apos;, ip: &apos;192.168.2.14&apos;, os.name: &apos;Windows 10&apos;, os.arch: &apos;amd64&apos;, os.version: &apos;10.0&apos;, java.version: &apos;11.0.13&apos;&#10;Driver info: org.openqa.selenium.chrome.ChromeDriver&#10;Command: [03ef1f25c08c43311ff430c1c2e6dbe5, screenshot {}]&#10;Capabilities {acceptInsecureCerts: false, browserName: chrome, browserVersion: 103.0.5060.53, chrome: {chromedriverVersion: 102.0.5005.61 (0e59bcc00cc4..., userDataDir: C:\Users\Tauhid\AppData\Loc...}, goog:chromeOptions: {debuggerAddress: localhost:53890}, javascriptEnabled: true, networkConnectionEnabled: false, pageLoadStrategy: normal, platform: WINDOWS, platformName: WINDOWS, proxy: Proxy(), se:cdp: ws://localhost:53890/devtoo..., se:cdpVersion: 103.0.5060.53, setWindowRect: true, strictFileInteractability: false, timeouts: {implicit: 0, pageLoad: 300000, script: 30000}, unhandledPromptBehavior: dismiss and notify, webauthn:extension:credBlob: true, webauthn:extension:largeBlob: true, webauthn:virtualAuthenticators: true}&#10;Session ID: 03ef1f25c08c43311ff430c1c2e6dbe5"/>
  </testcase>
  <testcase name="blogJavaListInterface" classname="apps.rsa.BlogMenuPageTest" time="0">
    <skipped message="unknown error: unexpected command response&#10;  (Session info: chrome=103.0.5060.53)&#10;Build info: version: &apos;4.1.4&apos;, revision: &apos;535d840ee2&apos;&#10;System info: host: &apos;MSI&apos;, ip: &apos;192.168.2.14&apos;, os.name: &apos;Windows 10&apos;, os.arch: &apos;amd64&apos;, os.version: &apos;10.0&apos;, java.version: &apos;11.0.13&apos;&#10;Driver info: org.openqa.selenium.chrome.ChromeDriver&#10;Command: [03ef1f25c08c43311ff430c1c2e6dbe5, screenshot {}]&#10;Capabilities {acceptInsecureCerts: false, browserName: chrome, browserVersion: 103.0.5060.53, chrome: {chromedriverVersion: 102.0.5005.61 (0e59bcc00cc4..., userDataDir: C:\Users\Tauhid\AppData\Loc...}, goog:chromeOptions: {debuggerAddress: localhost:53890}, javascriptEnabled: true, networkConnectionEnabled: false, pageLoadStrategy: normal, platform: WINDOWS, platformName: WINDOWS, proxy: Proxy(), se:cdp: ws://localhost:53890/devtoo..., se:cdpVersion: 103.0.5060.53, setWindowRect: true, strictFileInteractability: false, timeouts: {implicit: 0, pageLoad: 300000, script: 30000}, unhandledPromptBehavior: dismiss and notify, webauthn:extension:credBlob: true, webauthn:extension:largeBlob: true, webauthn:virtualAuthenticators: true}&#10;Session ID: 03ef1f25c08c43311ff430c1c2e6dbe5"/>
  </testcase>
  <testcase name="blogJavaMapInterface" classname="apps.rsa.BlogMenuPageTest" time="0">
    <skipped message="unknown error: unexpected command response&#10;  (Session info: chrome=103.0.5060.53)&#10;Build info: version: &apos;4.1.4&apos;, revision: &apos;535d840ee2&apos;&#10;System info: host: &apos;MSI&apos;, ip: &apos;192.168.2.14&apos;, os.name: &apos;Windows 10&apos;, os.arch: &apos;amd64&apos;, os.version: &apos;10.0&apos;, java.version: &apos;11.0.13&apos;&#10;Driver info: org.openqa.selenium.chrome.ChromeDriver&#10;Command: [03ef1f25c08c43311ff430c1c2e6dbe5, screenshot {}]&#10;Capabilities {acceptInsecureCerts: false, browserName: chrome, browserVersion: 103.0.5060.53, chrome: {chromedriverVersion: 102.0.5005.61 (0e59bcc00cc4..., userDataDir: C:\Users\Tauhid\AppData\Loc...}, goog:chromeOptions: {debuggerAddress: localhost:53890}, javascriptEnabled: true, networkConnectionEnabled: false, pageLoadStrategy: normal, platform: WINDOWS, platformName: WINDOWS, proxy: Proxy(), se:cdp: ws://localhost:53890/devtoo..., se:cdpVersion: 103.0.5060.53, setWindowRect: true, strictFileInteractability: false, timeouts: {implicit: 0, pageLoad: 300000, script: 30000}, unhandledPromptBehavior: dismiss and notify, webauthn:extension:credBlob: true, webauthn:extension:largeBlob: true, webauthn:virtualAuthenticators: true}&#10;Session ID: 03ef1f25c08c43311ff430c1c2e6dbe5"/>
  </testcase>
  <testcase name="blogJavaOOPSModifiers" classname="apps.rsa.BlogMenuPageTest" time="0">
    <skipped message="unknown error: unexpected command response&#10;  (Session info: chrome=103.0.5060.53)&#10;Build info: version: &apos;4.1.4&apos;, revision: &apos;535d840ee2&apos;&#10;System info: host: &apos;MSI&apos;, ip: &apos;192.168.2.14&apos;, os.name: &apos;Windows 10&apos;, os.arch: &apos;amd64&apos;, os.version: &apos;10.0&apos;, java.version: &apos;11.0.13&apos;&#10;Driver info: org.openqa.selenium.chrome.ChromeDriver&#10;Command: [03ef1f25c08c43311ff430c1c2e6dbe5, screenshot {}]&#10;Capabilities {acceptInsecureCerts: false, browserName: chrome, browserVersion: 103.0.5060.53, chrome: {chromedriverVersion: 102.0.5005.61 (0e59bcc00cc4..., userDataDir: C:\Users\Tauhid\AppData\Loc...}, goog:chromeOptions: {debuggerAddress: localhost:53890}, javascriptEnabled: true, networkConnectionEnabled: false, pageLoadStrategy: normal, platform: WINDOWS, platformName: WINDOWS, proxy: Proxy(), se:cdp: ws://localhost:53890/devtoo..., se:cdpVersion: 103.0.5060.53, setWindowRect: true, strictFileInteractability: false, timeouts: {implicit: 0, pageLoad: 300000, script: 30000}, unhandledPromptBehavior: dismiss and notify, webauthn:extension:credBlob: true, webauthn:extension:largeBlob: true, webauthn:virtualAuthenticators: true}&#10;Session ID: 03ef1f25c08c43311ff430c1c2e6dbe5"/>
  </testcase>
  <testcase name="blogJavaQueue" classname="apps.rsa.BlogMenuPageTest" time="0">
    <skipped message="unknown error: unexpected command response&#10;  (Session info: chrome=103.0.5060.53)&#10;Build info: version: &apos;4.1.4&apos;, revision: &apos;535d840ee2&apos;&#10;System info: host: &apos;MSI&apos;, ip: &apos;192.168.2.14&apos;, os.name: &apos;Windows 10&apos;, os.arch: &apos;amd64&apos;, os.version: &apos;10.0&apos;, java.version: &apos;11.0.13&apos;&#10;Driver info: org.openqa.selenium.chrome.ChromeDriver&#10;Command: [03ef1f25c08c43311ff430c1c2e6dbe5, screenshot {}]&#10;Capabilities {acceptInsecureCerts: false, browserName: chrome, browserVersion: 103.0.5060.53, chrome: {chromedriverVersion: 102.0.5005.61 (0e59bcc00cc4..., userDataDir: C:\Users\Tauhid\AppData\Loc...}, goog:chromeOptions: {debuggerAddress: localhost:53890}, javascriptEnabled: true, networkConnectionEnabled: false, pageLoadStrategy: normal, platform: WINDOWS, platformName: WINDOWS, proxy: Proxy(), se:cdp: ws://localhost:53890/devtoo..., se:cdpVersion: 103.0.5060.53, setWindowRect: true, strictFileInteractability: false, timeouts: {implicit: 0, pageLoad: 300000, script: 30000}, unhandledPromptBehavior: dismiss and notify, webauthn:extension:credBlob: true, webauthn:extension:largeBlob: true, webauthn:virtualAuthenticators: true}&#10;Session ID: 03ef1f25c08c43311ff430c1c2e6dbe5"/>
  </testcase>
  <testcase name="blogJavaSetInterface" classname="apps.rsa.BlogMenuPageTest" time="0">
    <skipped message="unknown error: unexpected command response&#10;  (Session info: chrome=103.0.5060.53)&#10;Build info: version: &apos;4.1.4&apos;, revision: &apos;535d840ee2&apos;&#10;System info: host: &apos;MSI&apos;, ip: &apos;192.168.2.14&apos;, os.name: &apos;Windows 10&apos;, os.arch: &apos;amd64&apos;, os.version: &apos;10.0&apos;, java.version: &apos;11.0.13&apos;&#10;Driver info: org.openqa.selenium.chrome.ChromeDriver&#10;Command: [03ef1f25c08c43311ff430c1c2e6dbe5, screenshot {}]&#10;Capabilities {acceptInsecureCerts: false, browserName: chrome, browserVersion: 103.0.5060.53, chrome: {chromedriverVersion: 102.0.5005.61 (0e59bcc00cc4..., userDataDir: C:\Users\Tauhid\AppData\Loc...}, goog:chromeOptions: {debuggerAddress: localhost:53890}, javascriptEnabled: true, networkConnectionEnabled: false, pageLoadStrategy: normal, platform: WINDOWS, platformName: WINDOWS, proxy: Proxy(), se:cdp: ws://localhost:53890/devtoo..., se:cdpVersion: 103.0.5060.53, setWindowRect: true, strictFileInteractability: false, timeouts: {implicit: 0, pageLoad: 300000, script: 30000}, unhandledPromptBehavior: dismiss and notify, webauthn:extension:credBlob: true, webauthn:extension:largeBlob: true, webauthn:virtualAuthenticators: true}&#10;Session ID: 03ef1f25c08c43311ff430c1c2e6dbe5"/>
  </testcase>
  <testcase name="blogPythonAdvancedUserInteraction" classname="apps.rsa.BlogMenuPageTest" time="0">
    <skipped message="unknown error: unexpected command response&#10;  (Session info: chrome=103.0.5060.53)&#10;Build info: version: &apos;4.1.4&apos;, revision: &apos;535d840ee2&apos;&#10;System info: host: &apos;MSI&apos;, ip: &apos;192.168.2.14&apos;, os.name: &apos;Windows 10&apos;, os.arch: &apos;amd64&apos;, os.version: &apos;10.0&apos;, java.version: &apos;11.0.13&apos;&#10;Driver info: org.openqa.selenium.chrome.ChromeDriver&#10;Command: [03ef1f25c08c43311ff430c1c2e6dbe5, screenshot {}]&#10;Capabilities {acceptInsecureCerts: false, browserName: chrome, browserVersion: 103.0.5060.53, chrome: {chromedriverVersion: 102.0.5005.61 (0e59bcc00cc4..., userDataDir: C:\Users\Tauhid\AppData\Loc...}, goog:chromeOptions: {debuggerAddress: localhost:53890}, javascriptEnabled: true, networkConnectionEnabled: false, pageLoadStrategy: normal, platform: WINDOWS, platformName: WINDOWS, proxy: Proxy(), se:cdp: ws://localhost:53890/devtoo..., se:cdpVersion: 103.0.5060.53, setWindowRect: true, strictFileInteractability: false, timeouts: {implicit: 0, pageLoad: 300000, script: 30000}, unhandledPromptBehavior: dismiss and notify, webauthn:extension:credBlob: true, webauthn:extension:largeBlob: true, webauthn:virtualAuthenticators: true}&#10;Session ID: 03ef1f25c08c43311ff430c1c2e6dbe5"/>
  </testcase>
  <testcase name="blogPythonAutomateHTML" classname="apps.rsa.BlogMenuPageTest" time="0">
    <skipped message="unknown error: unexpected command response&#10;  (Session info: chrome=103.0.5060.53)&#10;Build info: version: &apos;4.1.4&apos;, revision: &apos;535d840ee2&apos;&#10;System info: host: &apos;MSI&apos;, ip: &apos;192.168.2.14&apos;, os.name: &apos;Windows 10&apos;, os.arch: &apos;amd64&apos;, os.version: &apos;10.0&apos;, java.version: &apos;11.0.13&apos;&#10;Driver info: org.openqa.selenium.chrome.ChromeDriver&#10;Command: [03ef1f25c08c43311ff430c1c2e6dbe5, screenshot {}]&#10;Capabilities {acceptInsecureCerts: false, browserName: chrome, browserVersion: 103.0.5060.53, chrome: {chromedriverVersion: 102.0.5005.61 (0e59bcc00cc4..., userDataDir: C:\Users\Tauhid\AppData\Loc...}, goog:chromeOptions: {debuggerAddress: localhost:53890}, javascriptEnabled: true, networkConnectionEnabled: false, pageLoadStrategy: normal, platform: WINDOWS, platformName: WINDOWS, proxy: Proxy(), se:cdp: ws://localhost:53890/devtoo..., se:cdpVersion: 103.0.5060.53, setWindowRect: true, strictFileInteractability: false, timeouts: {implicit: 0, pageLoad: 300000, script: 30000}, unhandledPromptBehavior: dismiss and notify, webauthn:extension:credBlob: true, webauthn:extension:largeBlob: true, webauthn:virtualAuthenticators: true}&#10;Session ID: 03ef1f25c08c43311ff430c1c2e6dbe5"/>
  </testcase>
  <testcase name="blogPythonChromeOptions" classname="apps.rsa.BlogMenuPageTest" time="0">
    <skipped message="unknown error: unexpected command response&#10;  (Session info: chrome=103.0.5060.53)&#10;Build info: version: &apos;4.1.4&apos;, revision: &apos;535d840ee2&apos;&#10;System info: host: &apos;MSI&apos;, ip: &apos;192.168.2.14&apos;, os.name: &apos;Windows 10&apos;, os.arch: &apos;amd64&apos;, os.version: &apos;10.0&apos;, java.version: &apos;11.0.13&apos;&#10;Driver info: org.openqa.selenium.chrome.ChromeDriver&#10;Command: [03ef1f25c08c43311ff430c1c2e6dbe5, screenshot {}]&#10;Capabilities {acceptInsecureCerts: false, browserName: chrome, browserVersion: 103.0.5060.53, chrome: {chromedriverVersion: 102.0.5005.61 (0e59bcc00cc4..., userDataDir: C:\Users\Tauhid\AppData\Loc...}, goog:chromeOptions: {debuggerAddress: localhost:53890}, javascriptEnabled: true, networkConnectionEnabled: false, pageLoadStrategy: normal, platform: WINDOWS, platformName: WINDOWS, proxy: Proxy(), se:cdp: ws://localhost:53890/devtoo..., se:cdpVersion: 103.0.5060.53, setWindowRect: true, strictFileInteractability: false, timeouts: {implicit: 0, pageLoad: 300000, script: 30000}, unhandledPromptBehavior: dismiss and notify, webauthn:extension:credBlob: true, webauthn:extension:largeBlob: true, webauthn:virtualAuthenticators: true}&#10;Session ID: 03ef1f25c08c43311ff430c1c2e6dbe5"/>
  </testcase>
  <testcase name="blogPythonDifferentBrowsers" classname="apps.rsa.BlogMenuPageTest" time="0">
    <skipped message="unknown error: unexpected command response&#10;  (Session info: chrome=103.0.5060.53)&#10;Build info: version: &apos;4.1.4&apos;, revision: &apos;535d840ee2&apos;&#10;System info: host: &apos;MSI&apos;, ip: &apos;192.168.2.14&apos;, os.name: &apos;Windows 10&apos;, os.arch: &apos;amd64&apos;, os.version: &apos;10.0&apos;, java.version: &apos;11.0.13&apos;&#10;Driver info: org.openqa.selenium.chrome.ChromeDriver&#10;Command: [03ef1f25c08c43311ff430c1c2e6dbe5, screenshot {}]&#10;Capabilities {acceptInsecureCerts: false, browserName: chrome, browserVersion: 103.0.5060.53, chrome: {chromedriverVersion: 102.0.5005.61 (0e59bcc00cc4..., userDataDir: C:\Users\Tauhid\AppData\Loc...}, goog:chromeOptions: {debuggerAddress: localhost:53890}, javascriptEnabled: true, networkConnectionEnabled: false, pageLoadStrategy: normal, platform: WINDOWS, platformName: WINDOWS, proxy: Proxy(), se:cdp: ws://localhost:53890/devtoo..., se:cdpVersion: 103.0.5060.53, setWindowRect: true, strictFileInteractability: false, timeouts: {implicit: 0, pageLoad: 300000, script: 30000}, unhandledPromptBehavior: dismiss and notify, webauthn:extension:credBlob: true, webauthn:extension:largeBlob: true, webauthn:virtualAuthenticators: true}&#10;Session ID: 03ef1f25c08c43311ff430c1c2e6dbe5"/>
  </testcase>
  <testcase name="blogPythonExplicitWait" classname="apps.rsa.BlogMenuPageTest" time="0">
    <skipped message="unknown error: unexpected command response&#10;  (Session info: chrome=103.0.5060.53)&#10;Build info: version: &apos;4.1.4&apos;, revision: &apos;535d840ee2&apos;&#10;System info: host: &apos;MSI&apos;, ip: &apos;192.168.2.14&apos;, os.name: &apos;Windows 10&apos;, os.arch: &apos;amd64&apos;, os.version: &apos;10.0&apos;, java.version: &apos;11.0.13&apos;&#10;Driver info: org.openqa.selenium.chrome.ChromeDriver&#10;Command: [03ef1f25c08c43311ff430c1c2e6dbe5, screenshot {}]&#10;Capabilities {acceptInsecureCerts: false, browserName: chrome, browserVersion: 103.0.5060.53, chrome: {chromedriverVersion: 102.0.5005.61 (0e59bcc00cc4..., userDataDir: C:\Users\Tauhid\AppData\Loc...}, goog:chromeOptions: {debuggerAddress: localhost:53890}, javascriptEnabled: true, networkConnectionEnabled: false, pageLoadStrategy: normal, platform: WINDOWS, platformName: WINDOWS, proxy: Proxy(), se:cdp: ws://localhost:53890/devtoo..., se:cdpVersion: 103.0.5060.53, setWindowRect: true, strictFileInteractability: false, timeouts: {implicit: 0, pageLoad: 300000, script: 30000}, unhandledPromptBehavior: dismiss and notify, webauthn:extension:credBlob: true, webauthn:extension:largeBlob: true, webauthn:virtualAuthenticators: true}&#10;Session ID: 03ef1f25c08c43311ff430c1c2e6dbe5"/>
  </testcase>
  <testcase name="blogPythonFunctionalAutomation" classname="apps.rsa.BlogMenuPageTest" time="0">
    <skipped message="unknown error: unexpected command response&#10;  (Session info: chrome=103.0.5060.53)&#10;Build info: version: &apos;4.1.4&apos;, revision: &apos;535d840ee2&apos;&#10;System info: host: &apos;MSI&apos;, ip: &apos;192.168.2.14&apos;, os.name: &apos;Windows 10&apos;, os.arch: &apos;amd64&apos;, os.version: &apos;10.0&apos;, java.version: &apos;11.0.13&apos;&#10;Driver info: org.openqa.selenium.chrome.ChromeDriver&#10;Command: [03ef1f25c08c43311ff430c1c2e6dbe5, screenshot {}]&#10;Capabilities {acceptInsecureCerts: false, browserName: chrome, browserVersion: 103.0.5060.53, chrome: {chromedriverVersion: 102.0.5005.61 (0e59bcc00cc4..., userDataDir: C:\Users\Tauhid\AppData\Loc...}, goog:chromeOptions: {debuggerAddress: localhost:53890}, javascriptEnabled: true, networkConnectionEnabled: false, pageLoadStrategy: normal, platform: WINDOWS, platformName: WINDOWS, proxy: Proxy(), se:cdp: ws://localhost:53890/devtoo..., se:cdpVersion: 103.0.5060.53, setWindowRect: true, strictFileInteractability: false, timeouts: {implicit: 0, pageLoad: 300000, script: 30000}, unhandledPromptBehavior: dismiss and notify, webauthn:extension:credBlob: true, webauthn:extension:largeBlob: true, webauthn:virtualAuthenticators: true}&#10;Session ID: 03ef1f25c08c43311ff430c1c2e6dbe5"/>
  </testcase>
  <testcase name="blogPythonImplcitWait" classname="apps.rsa.BlogMenuPageTest" time="0">
    <skipped message="unknown error: unexpected command response&#10;  (Session info: chrome=103.0.5060.53)&#10;Build info: version: &apos;4.1.4&apos;, revision: &apos;535d840ee2&apos;&#10;System info: host: &apos;MSI&apos;, ip: &apos;192.168.2.14&apos;, os.name: &apos;Windows 10&apos;, os.arch: &apos;amd64&apos;, os.version: &apos;10.0&apos;, java.version: &apos;11.0.13&apos;&#10;Driver info: org.openqa.selenium.chrome.ChromeDriver&#10;Command: [03ef1f25c08c43311ff430c1c2e6dbe5, screenshot {}]&#10;Capabilities {acceptInsecureCerts: false, browserName: chrome, browserVersion: 103.0.5060.53, chrome: {chromedriverVersion: 102.0.5005.61 (0e59bcc00cc4..., userDataDir: C:\Users\Tauhid\AppData\Loc...}, goog:chromeOptions: {debuggerAddress: localhost:53890}, javascriptEnabled: true, networkConnectionEnabled: false, pageLoadStrategy: normal, platform: WINDOWS, platformName: WINDOWS, proxy: Proxy(), se:cdp: ws://localhost:53890/devtoo..., se:cdpVersion: 103.0.5060.53, setWindowRect: true, strictFileInteractability: false, timeouts: {implicit: 0, pageLoad: 300000, script: 30000}, unhandledPromptBehavior: dismiss and notify, webauthn:extension:credBlob: true, webauthn:extension:largeBlob: true, webauthn:virtualAuthenticators: true}&#10;Session ID: 03ef1f25c08c43311ff430c1c2e6dbe5"/>
  </testcase>
  <testcase name="blogPythonLogging" classname="apps.rsa.BlogMenuPageTest" time="0">
    <skipped message="unknown error: unexpected command response&#10;  (Session info: chrome=103.0.5060.53)&#10;Build info: version: &apos;4.1.4&apos;, revision: &apos;535d840ee2&apos;&#10;System info: host: &apos;MSI&apos;, ip: &apos;192.168.2.14&apos;, os.name: &apos;Windows 10&apos;, os.arch: &apos;amd64&apos;, os.version: &apos;10.0&apos;, java.version: &apos;11.0.13&apos;&#10;Driver info: org.openqa.selenium.chrome.ChromeDriver&#10;Command: [03ef1f25c08c43311ff430c1c2e6dbe5, screenshot {}]&#10;Capabilities {acceptInsecureCerts: false, browserName: chrome, browserVersion: 103.0.5060.53, chrome: {chromedriverVersion: 102.0.5005.61 (0e59bcc00cc4..., userDataDir: C:\Users\Tauhid\AppData\Loc...}, goog:chromeOptions: {debuggerAddress: localhost:53890}, javascriptEnabled: true, networkConnectionEnabled: false, pageLoadStrategy: normal, platform: WINDOWS, platformName: WINDOWS, proxy: Proxy(), se:cdp: ws://localhost:53890/devtoo..., se:cdpVersion: 103.0.5060.53, setWindowRect: true, strictFileInteractability: false, timeouts: {implicit: 0, pageLoad: 300000, script: 30000}, unhandledPromptBehavior: dismiss and notify, webauthn:extension:credBlob: true, webauthn:extension:largeBlob: true, webauthn:virtualAuthenticators: true}&#10;Session ID: 03ef1f25c08c43311ff430c1c2e6dbe5"/>
  </testcase>
  <testcase name="blogPythonPracticeProject" classname="apps.rsa.BlogMenuPageTest" time="0">
    <skipped message="unknown error: unexpected command response&#10;  (Session info: chrome=103.0.5060.53)&#10;Build info: version: &apos;4.1.4&apos;, revision: &apos;535d840ee2&apos;&#10;System info: host: &apos;MSI&apos;, ip: &apos;192.168.2.14&apos;, os.name: &apos;Windows 10&apos;, os.arch: &apos;amd64&apos;, os.version: &apos;10.0&apos;, java.version: &apos;11.0.13&apos;&#10;Driver info: org.openqa.selenium.chrome.ChromeDriver&#10;Command: [03ef1f25c08c43311ff430c1c2e6dbe5, screenshot {}]&#10;Capabilities {acceptInsecureCerts: false, browserName: chrome, browserVersion: 103.0.5060.53, chrome: {chromedriverVersion: 102.0.5005.61 (0e59bcc00cc4..., userDataDir: C:\Users\Tauhid\AppData\Loc...}, goog:chromeOptions: {debuggerAddress: localhost:53890}, javascriptEnabled: true, networkConnectionEnabled: false, pageLoadStrategy: normal, platform: WINDOWS, platformName: WINDOWS, proxy: Proxy(), se:cdp: ws://localhost:53890/devtoo..., se:cdpVersion: 103.0.5060.53, setWindowRect: true, strictFileInteractability: false, timeouts: {implicit: 0, pageLoad: 300000, script: 30000}, unhandledPromptBehavior: dismiss and notify, webauthn:extension:credBlob: true, webauthn:extension:largeBlob: true, webauthn:virtualAuthenticators: true}&#10;Session ID: 03ef1f25c08c43311ff430c1c2e6dbe5"/>
  </testcase>
  <testcase name="blogPythonPytest" classname="apps.rsa.BlogMenuPageTest" time="0">
    <skipped message="unknown error: unexpected command response&#10;  (Session info: chrome=103.0.5060.53)&#10;Build info: version: &apos;4.1.4&apos;, revision: &apos;535d840ee2&apos;&#10;System info: host: &apos;MSI&apos;, ip: &apos;192.168.2.14&apos;, os.name: &apos;Windows 10&apos;, os.arch: &apos;amd64&apos;, os.version: &apos;10.0&apos;, java.version: &apos;11.0.13&apos;&#10;Driver info: org.openqa.selenium.chrome.ChromeDriver&#10;Command: [03ef1f25c08c43311ff430c1c2e6dbe5, screenshot {}]&#10;Capabilities {acceptInsecureCerts: false, browserName: chrome, browserVersion: 103.0.5060.53, chrome: {chromedriverVersion: 102.0.5005.61 (0e59bcc00cc4..., userDataDir: C:\Users\Tauhid\AppData\Loc...}, goog:chromeOptions: {debuggerAddress: localhost:53890}, javascriptEnabled: true, networkConnectionEnabled: false, pageLoadStrategy: normal, platform: WINDOWS, platformName: WINDOWS, proxy: Proxy(), se:cdp: ws://localhost:53890/devtoo..., se:cdpVersion: 103.0.5060.53, setWindowRect: true, strictFileInteractability: false, timeouts: {implicit: 0, pageLoad: 300000, script: 30000}, unhandledPromptBehavior: dismiss and notify, webauthn:extension:credBlob: true, webauthn:extension:largeBlob: true, webauthn:virtualAuthenticators: true}&#10;Session ID: 03ef1f25c08c43311ff430c1c2e6dbe5"/>
  </testcase>
  <testcase name="blogPythonReadWrite" classname="apps.rsa.BlogMenuPageTest" time="0">
    <skipped message="unknown error: unexpected command response&#10;  (Session info: chrome=103.0.5060.53)&#10;Build info: version: &apos;4.1.4&apos;, revision: &apos;535d840ee2&apos;&#10;System info: host: &apos;MSI&apos;, ip: &apos;192.168.2.14&apos;, os.name: &apos;Windows 10&apos;, os.arch: &apos;amd64&apos;, os.version: &apos;10.0&apos;, java.version: &apos;11.0.13&apos;&#10;Driver info: org.openqa.selenium.chrome.ChromeDriver&#10;Command: [03ef1f25c08c43311ff430c1c2e6dbe5, screenshot {}]&#10;Capabilities {acceptInsecureCerts: false, browserName: chrome, browserVersion: 103.0.5060.53, chrome: {chromedriverVersion: 102.0.5005.61 (0e59bcc00cc4..., userDataDir: C:\Users\Tauhid\AppData\Loc...}, goog:chromeOptions: {debuggerAddress: localhost:53890}, javascriptEnabled: true, networkConnectionEnabled: false, pageLoadStrategy: normal, platform: WINDOWS, platformName: WINDOWS, proxy: Proxy(), se:cdp: ws://localhost:53890/devtoo..., se:cdpVersion: 103.0.5060.53, setWindowRect: true, strictFileInteractability: false, timeouts: {implicit: 0, pageLoad: 300000, script: 30000}, unhandledPromptBehavior: dismiss and notify, webauthn:extension:credBlob: true, webauthn:extension:largeBlob: true, webauthn:virtualAuthenticators: true}&#10;Session ID: 03ef1f25c08c43311ff430c1c2e6dbe5"/>
  </testcase>
  <testcase name="blogPythonRobustAutomation" classname="apps.rsa.BlogMenuPageTest" time="0">
    <skipped message="unknown error: unexpected command response&#10;  (Session info: chrome=103.0.5060.53)&#10;Build info: version: &apos;4.1.4&apos;, revision: &apos;535d840ee2&apos;&#10;System info: host: &apos;MSI&apos;, ip: &apos;192.168.2.14&apos;, os.name: &apos;Windows 10&apos;, os.arch: &apos;amd64&apos;, os.version: &apos;10.0&apos;, java.version: &apos;11.0.13&apos;&#10;Driver info: org.openqa.selenium.chrome.ChromeDriver&#10;Command: [03ef1f25c08c43311ff430c1c2e6dbe5, screenshot {}]&#10;Capabilities {acceptInsecureCerts: false, browserName: chrome, browserVersion: 103.0.5060.53, chrome: {chromedriverVersion: 102.0.5005.61 (0e59bcc00cc4..., userDataDir: C:\Users\Tauhid\AppData\Loc...}, goog:chromeOptions: {debuggerAddress: localhost:53890}, javascriptEnabled: true, networkConnectionEnabled: false, pageLoadStrategy: normal, platform: WINDOWS, platformName: WINDOWS, proxy: Proxy(), se:cdp: ws://localhost:53890/devtoo..., se:cdpVersion: 103.0.5060.53, setWindowRect: true, strictFileInteractability: false, timeouts: {implicit: 0, pageLoad: 300000, script: 30000}, unhandledPromptBehavior: dismiss and notify, webauthn:extension:credBlob: true, webauthn:extension:largeBlob: true, webauthn:virtualAuthenticators: true}&#10;Session ID: 03ef1f25c08c43311ff430c1c2e6dbe5"/>
  </testcase>
  <testcase name="blogPythonWebElements" classname="apps.rsa.BlogMenuPageTest" time="0">
    <skipped message="unknown error: unexpected command response&#10;  (Session info: chrome=103.0.5060.53)&#10;Build info: version: &apos;4.1.4&apos;, revision: &apos;535d840ee2&apos;&#10;System info: host: &apos;MSI&apos;, ip: &apos;192.168.2.14&apos;, os.name: &apos;Windows 10&apos;, os.arch: &apos;amd64&apos;, os.version: &apos;10.0&apos;, java.version: &apos;11.0.13&apos;&#10;Driver info: org.openqa.selenium.chrome.ChromeDriver&#10;Command: [03ef1f25c08c43311ff430c1c2e6dbe5, screenshot {}]&#10;Capabilities {acceptInsecureCerts: false, browserName: chrome, browserVersion: 103.0.5060.53, chrome: {chromedriverVersion: 102.0.5005.61 (0e59bcc00cc4..., userDataDir: C:\Users\Tauhid\AppData\Loc...}, goog:chromeOptions: {debuggerAddress: localhost:53890}, javascriptEnabled: true, networkConnectionEnabled: false, pageLoadStrategy: normal, platform: WINDOWS, platformName: WINDOWS, proxy: Proxy(), se:cdp: ws://localhost:53890/devtoo..., se:cdpVersion: 103.0.5060.53, setWindowRect: true, strictFileInteractability: false, timeouts: {implicit: 0, pageLoad: 300000, script: 30000}, unhandledPromptBehavior: dismiss and notify, webauthn:extension:credBlob: true, webauthn:extension:largeBlob: true, webauthn:virtualAuthenticators: true}&#10;Session ID: 03ef1f25c08c43311ff430c1c2e6dbe5"/>
  </testcase>
</testsuite>